{"/home/rupak369-ess/Documents/projects/Expressjs-Prologue/src/app.ts": {"path":"/home/rupak369-ess/Documents/projects/Expressjs-Prologue/src/app.ts","statementMap":{"0":{"start":{"line":1,"column":0},"end":{"line":1,"column":30}},"1":{"start":{"line":2,"column":0},"end":{"line":2,"column":28}},"2":{"start":{"line":3,"column":0},"end":{"line":3,"column":38}},"3":{"start":{"line":4,"column":0},"end":{"line":4,"column":24}},"4":{"start":{"line":5,"column":0},"end":{"line":5,"column":51}},"5":{"start":{"line":6,"column":0},"end":{"line":6,"column":28}},"6":{"start":{"line":7,"column":0},"end":{"line":7,"column":37}},"7":{"start":{"line":8,"column":0},"end":{"line":8,"column":28}},"8":{"start":{"line":9,"column":0},"end":{"line":9,"column":42}},"9":{"start":{"line":10,"column":0},"end":{"line":10,"column":43}},"10":{"start":{"line":12,"column":0},"end":{"line":12,"column":16}},"11":{"start":{"line":18,"column":4},"end":{"line":18,"column":25}},"12":{"start":{"line":19,"column":4},"end":{"line":19,"column":16}},"13":{"start":{"line":23,"column":4},"end":{"line":23,"column":33}},"14":{"start":{"line":24,"column":4},"end":{"line":24,"column":57}},"15":{"start":{"line":25,"column":4},"end":{"line":25,"column":32}},"16":{"start":{"line":26,"column":4},"end":{"line":26,"column":25}},"17":{"start":{"line":27,"column":4},"end":{"line":27,"column":34}},"18":{"start":{"line":28,"column":4},"end":{"line":28,"column":27}},"19":{"start":{"line":29,"column":4},"end":{"line":29,"column":24}},"20":{"start":{"line":30,"column":4},"end":{"line":30,"column":40}},"21":{"start":{"line":31,"column":4},"end":{"line":31,"column":38}},"22":{"start":{"line":32,"column":4},"end":{"line":32,"column":36}},"23":{"start":{"line":33,"column":4},"end":{"line":38,"column":7}},"24":{"start":{"line":34,"column":6},"end":{"line":37,"column":9}},"25":{"start":{"line":39,"column":4},"end":{"line":44,"column":7}},"26":{"start":{"line":40,"column":6},"end":{"line":43,"column":9}},"27":{"start":{"line":48,"column":4},"end":{"line":50,"column":7}},"28":{"start":{"line":49,"column":6},"end":{"line":49,"column":74}},"29":{"start":{"line":54,"column":0},"end":{"line":54,"column":23}}},"fnMap":{"0":{"name":"(anonymous_0)","decl":{"start":{"line":17,"column":2},"end":{"line":17,"column":null}},"loc":{"start":{"line":17,"column":2},"end":{"line":20,"column":3}}},"1":{"name":"(anonymous_1)","decl":{"start":{"line":22,"column":10},"end":{"line":22,"column":14}},"loc":{"start":{"line":22,"column":14},"end":{"line":45,"column":3}}},"2":{"name":"(anonymous_2)","decl":{"start":{"line":33,"column":17},"end":{"line":33,"column":18}},"loc":{"start":{"line":33,"column":65},"end":{"line":38,"column":5}}},"3":{"name":"(anonymous_3)","decl":{"start":{"line":39,"column":17},"end":{"line":39,"column":18}},"loc":{"start":{"line":39,"column":75},"end":{"line":44,"column":5}}},"4":{"name":"(anonymous_4)","decl":{"start":{"line":47,"column":9},"end":{"line":47,"column":15}},"loc":{"start":{"line":47,"column":15},"end":{"line":51,"column":3}}},"5":{"name":"(anonymous_5)","decl":{"start":{"line":48,"column":34},"end":{"line":48,"column":37}},"loc":{"start":{"line":48,"column":39},"end":{"line":50,"column":5}}}},"branchMap":{"0":{"loc":{"start":{"line":40,"column":17},"end":{"line":40,"column":63}},"type":"binary-expr","locations":[{"start":{"line":40,"column":17},"end":{"line":40,"column":27}},{"start":{"line":40,"column":31},"end":{"line":40,"column":63}}]},"1":{"loc":{"start":{"line":41,"column":16},"end":{"line":41,"column":62}},"type":"binary-expr","locations":[{"start":{"line":41,"column":16},"end":{"line":41,"column":26}},{"start":{"line":41,"column":30},"end":{"line":41,"column":62}}]},"2":{"loc":{"start":{"line":42,"column":17},"end":{"line":42,"column":55}},"type":"binary-expr","locations":[{"start":{"line":42,"column":17},"end":{"line":42,"column":28}},{"start":{"line":42,"column":32},"end":{"line":42,"column":55}}]}},"s":{"0":0,"1":0,"2":0,"3":0,"4":0,"5":0,"6":0,"7":0,"8":0,"9":0,"10":0,"11":0,"12":0,"13":0,"14":0,"15":0,"16":0,"17":0,"18":0,"19":0,"20":0,"21":0,"22":0,"23":0,"24":0,"25":0,"26":0,"27":0,"28":0,"29":0},"f":{"0":0,"1":0,"2":0,"3":0,"4":0,"5":0},"b":{"0":[0,0],"1":[0,0],"2":[0,0]}}
,"/home/rupak369-ess/Documents/projects/Expressjs-Prologue/src/server.ts": {"path":"/home/rupak369-ess/Documents/projects/Expressjs-Prologue/src/server.ts","statementMap":{"0":{"start":{"line":1,"column":0},"end":{"line":1,"column":28}},"1":{"start":{"line":3,"column":12},"end":{"line":3,"column":25}},"2":{"start":{"line":5,"column":0},"end":{"line":5,"column":13}}},"fnMap":{},"branchMap":{},"s":{"0":0,"1":0,"2":0},"f":{},"b":{}}
,"/home/rupak369-ess/Documents/projects/Expressjs-Prologue/src/config/configs.ts": {"path":"/home/rupak369-ess/Documents/projects/Expressjs-Prologue/src/config/configs.ts","statementMap":{"0":{"start":{"line":1,"column":0},"end":{"line":1,"column":24}},"1":{"start":{"line":2,"column":0},"end":{"line":2,"column":28}},"2":{"start":{"line":3,"column":0},"end":{"line":3,"column":22}},"3":{"start":{"line":5,"column":0},"end":{"line":5,"column":78}},"4":{"start":{"line":7,"column":33},"end":{"line":24,"column":2}},"5":{"start":{"line":27,"column":24},"end":{"line":63,"column":14}},"6":{"start":{"line":65,"column":36},"end":{"line":65,"column":107}},"7":{"start":{"line":67,"column":2},"end":{"line":70,"column":null}},"8":{"start":{"line":68,"column":4},"end":{"line":68,"column":23}},"9":{"start":{"line":69,"column":4},"end":{"line":69,"column":65}},"10":{"start":{"line":72,"column":2},"end":{"line":72,"column":17}},"11":{"start":{"line":75,"column":16},"end":{"line":75,"column":46}},"12":{"start":{"line":77,"column":15},"end":{"line":111,"column":2}},"13":{"start":{"line":113,"column":0},"end":{"line":113,"column":22}}},"fnMap":{"0":{"name":"validateEnvironmentVariables","decl":{"start":{"line":26,"column":9},"end":{"line":26,"column":37}},"loc":{"start":{"line":26,"column":37},"end":{"line":73,"column":1}}}},"branchMap":{"0":{"loc":{"start":{"line":67,"column":2},"end":{"line":70,"column":null}},"type":"if","locations":[{"start":{"line":67,"column":2},"end":{"line":70,"column":null}}]}},"s":{"0":0,"1":0,"2":0,"3":0,"4":0,"5":0,"6":0,"7":0,"8":0,"9":0,"10":0,"11":0,"12":0,"13":0},"f":{"0":0},"b":{"0":[0]}}
,"/home/rupak369-ess/Documents/projects/Expressjs-Prologue/src/config/index.ts": {"path":"/home/rupak369-ess/Documents/projects/Expressjs-Prologue/src/config/index.ts","statementMap":{"0":{"start":{"line":1,"column":0},"end":{"line":1,"column":9}},"1":{"start":{"line":1,"column":9},"end":{"line":1,"column":27}},"2":{"start":{"line":2,"column":0},"end":{"line":2,"column":9}},"3":{"start":{"line":2,"column":9},"end":{"line":2,"column":26}},"4":{"start":{"line":3,"column":0},"end":{"line":3,"column":9}},"5":{"start":{"line":3,"column":9},"end":{"line":3,"column":26}},"6":{"start":{"line":4,"column":0},"end":{"line":4,"column":24}}},"fnMap":{"0":{"name":"(anonymous_0)","decl":{"start":{"line":1,"column":9},"end":{"line":1,"column":16}},"loc":{"start":{"line":1,"column":9},"end":{"line":1,"column":27}}},"1":{"name":"(anonymous_1)","decl":{"start":{"line":2,"column":9},"end":{"line":2,"column":16}},"loc":{"start":{"line":2,"column":9},"end":{"line":2,"column":26}}},"2":{"name":"(anonymous_2)","decl":{"start":{"line":3,"column":9},"end":{"line":3,"column":16}},"loc":{"start":{"line":3,"column":9},"end":{"line":3,"column":26}}}},"branchMap":{},"s":{"0":0,"1":0,"2":0,"3":0,"4":0,"5":0,"6":0},"f":{"0":0,"1":0,"2":0},"b":{}}
,"/home/rupak369-ess/Documents/projects/Expressjs-Prologue/src/config/logger.ts": {"path":"/home/rupak369-ess/Documents/projects/Expressjs-Prologue/src/config/logger.ts","statementMap":{"0":{"start":{"line":1,"column":0},"end":{"line":1,"column":30}},"1":{"start":{"line":2,"column":0},"end":{"line":2,"column":31}},"2":{"start":{"line":5,"column":29},"end":{"line":10,"column":2}},"3":{"start":{"line":6,"column":2},"end":{"line":8,"column":null}},"4":{"start":{"line":7,"column":4},"end":{"line":7,"column":49}},"5":{"start":{"line":9,"column":2},"end":{"line":9,"column":14}},"6":{"start":{"line":12,"column":15},"end":{"line":25,"column":2}},"7":{"start":{"line":18,"column":50},"end":{"line":18,"column":72}},"8":{"start":{"line":27,"column":0},"end":{"line":27,"column":22}}},"fnMap":{"0":{"name":"(anonymous_0)","decl":{"start":{"line":5,"column":44},"end":{"line":5,"column":48}},"loc":{"start":{"line":5,"column":51},"end":{"line":10,"column":1}}},"1":{"name":"(anonymous_1)","decl":{"start":{"line":18,"column":26},"end":{"line":18,"column":27}},"loc":{"start":{"line":18,"column":50},"end":{"line":18,"column":72}}}},"branchMap":{"0":{"loc":{"start":{"line":6,"column":2},"end":{"line":8,"column":null}},"type":"if","locations":[{"start":{"line":6,"column":2},"end":{"line":8,"column":null}}]},"1":{"loc":{"start":{"line":13,"column":9},"end":{"line":13,"column":56}},"type":"cond-expr","locations":[{"start":{"line":13,"column":40},"end":{"line":13,"column":47}},{"start":{"line":13,"column":50},"end":{"line":13,"column":56}}]},"2":{"loc":{"start":{"line":16,"column":4},"end":{"line":16,"column":90}},"type":"cond-expr","locations":[{"start":{"line":16,"column":35},"end":{"line":16,"column":60}},{"start":{"line":16,"column":63},"end":{"line":16,"column":90}}]}},"s":{"0":0,"1":0,"2":0,"3":0,"4":0,"5":0,"6":0,"7":0,"8":0},"f":{"0":0,"1":0},"b":{"0":[0],"1":[0,0],"2":[0,0]}}
,"/home/rupak369-ess/Documents/projects/Expressjs-Prologue/src/config/morgan.ts": {"path":"/home/rupak369-ess/Documents/projects/Expressjs-Prologue/src/config/morgan.ts","statementMap":{"0":{"start":{"line":2,"column":0},"end":{"line":2,"column":28}},"1":{"start":{"line":3,"column":0},"end":{"line":3,"column":31}},"2":{"start":{"line":4,"column":0},"end":{"line":4,"column":30}},"3":{"start":{"line":7,"column":0},"end":{"line":7,"column":88}},"4":{"start":{"line":7,"column":57},"end":{"line":7,"column":86}},"5":{"start":{"line":9,"column":20},"end":{"line":9,"column":80}},"6":{"start":{"line":9,"column":27},"end":{"line":9,"column":79}},"7":{"start":{"line":10,"column":30},"end":{"line":10,"column":111}},"8":{"start":{"line":11,"column":28},"end":{"line":11,"column":129}},"9":{"start":{"line":13,"column":23},"end":{"line":16,"column":2}},"10":{"start":{"line":14,"column":41},"end":{"line":14,"column":62}},"11":{"start":{"line":15,"column":30},"end":{"line":15,"column":57}},"12":{"start":{"line":18,"column":21},"end":{"line":21,"column":2}},"13":{"start":{"line":19,"column":41},"end":{"line":19,"column":61}},"14":{"start":{"line":20,"column":30},"end":{"line":20,"column":58}},"15":{"start":{"line":23,"column":0},"end":{"line":23,"column":48}}},"fnMap":{"0":{"name":"(anonymous_0)","decl":{"start":{"line":7,"column":24},"end":{"line":7,"column":25}},"loc":{"start":{"line":7,"column":57},"end":{"line":7,"column":86}}},"1":{"name":"(anonymous_1)","decl":{"start":{"line":9,"column":20},"end":{"line":9,"column":23}},"loc":{"start":{"line":9,"column":27},"end":{"line":9,"column":79}}},"2":{"name":"(anonymous_2)","decl":{"start":{"line":14,"column":8},"end":{"line":14,"column":9}},"loc":{"start":{"line":14,"column":41},"end":{"line":14,"column":62}}},"3":{"name":"(anonymous_3)","decl":{"start":{"line":15,"column":19},"end":{"line":15,"column":26}},"loc":{"start":{"line":15,"column":30},"end":{"line":15,"column":57}}},"4":{"name":"(anonymous_4)","decl":{"start":{"line":19,"column":8},"end":{"line":19,"column":9}},"loc":{"start":{"line":19,"column":41},"end":{"line":19,"column":61}}},"5":{"name":"(anonymous_5)","decl":{"start":{"line":20,"column":19},"end":{"line":20,"column":26}},"loc":{"start":{"line":20,"column":30},"end":{"line":20,"column":58}}}},"branchMap":{"0":{"loc":{"start":{"line":7,"column":57},"end":{"line":7,"column":86}},"type":"binary-expr","locations":[{"start":{"line":7,"column":57},"end":{"line":7,"column":80}},{"start":{"line":7,"column":84},"end":{"line":7,"column":86}}]},"1":{"loc":{"start":{"line":9,"column":27},"end":{"line":9,"column":79}},"type":"cond-expr","locations":[{"start":{"line":9,"column":57},"end":{"line":9,"column":74}},{"start":{"line":9,"column":77},"end":{"line":9,"column":79}}]}},"s":{"0":0,"1":0,"2":0,"3":0,"4":0,"5":0,"6":0,"7":0,"8":0,"9":0,"10":0,"11":0,"12":0,"13":0,"14":0,"15":0},"f":{"0":0,"1":0,"2":0,"3":0,"4":0,"5":0},"b":{"0":[0,0],"1":[0,0]}}
,"/home/rupak369-ess/Documents/projects/Expressjs-Prologue/src/config/roles.ts": {"path":"/home/rupak369-ess/Documents/projects/Expressjs-Prologue/src/config/roles.ts","statementMap":{"0":{"start":{"line":1,"column":17},"end":{"line":4,"column":2}},"1":{"start":{"line":6,"column":14},"end":{"line":6,"column":35}},"2":{"start":{"line":9,"column":9},"end":{"line":9,"column":14}},"3":{"start":{"line":7,"column":19},"end":{"line":7,"column":52}},"4":{"start":{"line":9,"column":16},"end":{"line":9,"column":26}}},"fnMap":{},"branchMap":{},"s":{"0":0,"1":0,"2":0,"3":0,"4":0},"f":{},"b":{}}
,"/home/rupak369-ess/Documents/projects/Expressjs-Prologue/src/middlewares/auth.middleware.ts": {"path":"/home/rupak369-ess/Documents/projects/Expressjs-Prologue/src/middlewares/auth.middleware.ts","statementMap":{"0":{"start":{"line":3,"column":0},"end":{"line":3,"column":37}},"1":{"start":{"line":4,"column":0},"end":{"line":4,"column":32}},"2":{"start":{"line":5,"column":0},"end":{"line":5,"column":45}},"3":{"start":{"line":6,"column":0},"end":{"line":6,"column":41}},"4":{"start":{"line":15,"column":39},"end":{"line":30,"column":1}},"5":{"start":{"line":15,"column":81},"end":{"line":30,"column":1}},"6":{"start":{"line":16,"column":2},"end":{"line":18,"column":null}},"7":{"start":{"line":17,"column":4},"end":{"line":17,"column":80}},"8":{"start":{"line":19,"column":2},"end":{"line":19,"column":18}},"9":{"start":{"line":21,"column":2},"end":{"line":27,"column":null}},"10":{"start":{"line":22,"column":23},"end":{"line":22,"column":48}},"11":{"start":{"line":23,"column":30},"end":{"line":23,"column":103}},"12":{"start":{"line":23,"column":68},"end":{"line":23,"column":102}},"13":{"start":{"line":24,"column":4},"end":{"line":26,"column":null}},"14":{"start":{"line":25,"column":6},"end":{"line":25,"column":69}},"15":{"start":{"line":29,"column":2},"end":{"line":29,"column":12}},"16":{"start":{"line":33,"column":2},"end":{"line":44,"column":3}},"17":{"start":{"line":34,"column":2},"end":{"line":44,"column":3}},"18":{"start":{"line":35,"column":4},"end":{"line":43,"column":31}},"19":{"start":{"line":36,"column":6},"end":{"line":40,"column":8}},"20":{"start":{"line":42,"column":18},"end":{"line":42,"column":24}},"21":{"start":{"line":43,"column":20},"end":{"line":43,"column":29}},"22":{"start":{"line":46,"column":0},"end":{"line":46,"column":20}}},"fnMap":{"0":{"name":"(anonymous_0)","decl":{"start":{"line":15,"column":39},"end":{"line":15,"column":40}},"loc":{"start":{"line":15,"column":81},"end":{"line":30,"column":1}}},"1":{"name":"(anonymous_1)","decl":{"start":{"line":15,"column":81},"end":{"line":15,"column":86}},"loc":{"start":{"line":15,"column":107},"end":{"line":30,"column":1}}},"2":{"name":"(anonymous_2)","decl":{"start":{"line":23,"column":51},"end":{"line":23,"column":64}},"loc":{"start":{"line":23,"column":68},"end":{"line":23,"column":102}}},"3":{"name":"(anonymous_3)","decl":{"start":{"line":33,"column":2},"end":{"line":33,"column":3}},"loc":{"start":{"line":34,"column":2},"end":{"line":44,"column":3}}},"4":{"name":"(anonymous_4)","decl":{"start":{"line":34,"column":2},"end":{"line":34,"column":7}},"loc":{"start":{"line":34,"column":60},"end":{"line":44,"column":3}}},"5":{"name":"(anonymous_5)","decl":{"start":{"line":35,"column":29},"end":{"line":35,"column":30}},"loc":{"start":{"line":35,"column":49},"end":{"line":41,"column":5}}},"6":{"name":"(anonymous_6)","decl":{"start":{"line":42,"column":12},"end":{"line":42,"column":15}},"loc":{"start":{"line":42,"column":18},"end":{"line":42,"column":24}}},"7":{"name":"(anonymous_7)","decl":{"start":{"line":43,"column":13},"end":{"line":43,"column":16}},"loc":{"start":{"line":43,"column":20},"end":{"line":43,"column":29}}}},"branchMap":{"0":{"loc":{"start":{"line":16,"column":2},"end":{"line":18,"column":null}},"type":"if","locations":[{"start":{"line":16,"column":2},"end":{"line":18,"column":null}}]},"1":{"loc":{"start":{"line":16,"column":6},"end":{"line":16,"column":26}},"type":"binary-expr","locations":[{"start":{"line":16,"column":6},"end":{"line":16,"column":9}},{"start":{"line":16,"column":13},"end":{"line":16,"column":17}},{"start":{"line":16,"column":21},"end":{"line":16,"column":26}}]},"2":{"loc":{"start":{"line":21,"column":2},"end":{"line":27,"column":null}},"type":"if","locations":[{"start":{"line":21,"column":2},"end":{"line":27,"column":null}}]},"3":{"loc":{"start":{"line":24,"column":4},"end":{"line":26,"column":null}},"type":"if","locations":[{"start":{"line":24,"column":4},"end":{"line":26,"column":null}}]},"4":{"loc":{"start":{"line":24,"column":8},"end":{"line":24,"column":59}},"type":"binary-expr","locations":[{"start":{"line":24,"column":8},"end":{"line":24,"column":26}},{"start":{"line":24,"column":30},"end":{"line":24,"column":59}}]}},"s":{"0":0,"1":0,"2":0,"3":0,"4":0,"5":0,"6":0,"7":0,"8":0,"9":0,"10":0,"11":0,"12":0,"13":0,"14":0,"15":0,"16":0,"17":0,"18":0,"19":0,"20":0,"21":0,"22":0},"f":{"0":0,"1":0,"2":0,"3":0,"4":0,"5":0,"6":0,"7":0},"b":{"0":[0],"1":[0,0,0],"2":[0],"3":[0],"4":[0,0]}}
,"/home/rupak369-ess/Documents/projects/Expressjs-Prologue/src/middlewares/error.middleware.ts": {"path":"/home/rupak369-ess/Documents/projects/Expressjs-Prologue/src/middlewares/error.middleware.ts","statementMap":{"0":{"start":{"line":7,"column":4},"end":{"line":7,"column":12}},"1":{"start":{"line":8,"column":4},"end":{"line":8,"column":33}},"2":{"start":{"line":9,"column":4},"end":{"line":9,"column":27}},"3":{"start":{"line":21,"column":26},"end":{"line":27,"column":2}},"4":{"start":{"line":21,"column":104},"end":{"line":27,"column":2}},"5":{"start":{"line":29,"column":24},"end":{"line":134,"column":1}},"6":{"start":{"line":30,"column":66},"end":{"line":30,"column":69}},"7":{"start":{"line":32,"column":2},"end":{"line":44,"column":null}},"8":{"start":{"line":34,"column":18},"end":{"line":34,"column":43}},"9":{"start":{"line":36,"column":4},"end":{"line":43,"column":6}},"10":{"start":{"line":46,"column":2},"end":{"line":62,"column":null}},"11":{"start":{"line":48,"column":19},"end":{"line":51,"column":7}},"12":{"start":{"line":48,"column":63},"end":{"line":51,"column":6}},"13":{"start":{"line":53,"column":4},"end":{"line":61,"column":6}},"14":{"start":{"line":64,"column":2},"end":{"line":74,"column":null}},"15":{"start":{"line":66,"column":4},"end":{"line":73,"column":6}},"16":{"start":{"line":76,"column":2},"end":{"line":86,"column":null}},"17":{"start":{"line":78,"column":4},"end":{"line":85,"column":6}},"18":{"start":{"line":88,"column":2},"end":{"line":98,"column":null}},"19":{"start":{"line":90,"column":4},"end":{"line":97,"column":6}},"20":{"start":{"line":100,"column":2},"end":{"line":110,"column":null}},"21":{"start":{"line":102,"column":4},"end":{"line":109,"column":6}},"22":{"start":{"line":112,"column":2},"end":{"line":123,"column":null}},"23":{"start":{"line":115,"column":4},"end":{"line":122,"column":6}},"24":{"start":{"line":125,"column":2},"end":{"line":125,"column":63}},"25":{"start":{"line":126,"column":2},"end":{"line":133,"column":4}},"26":{"start":{"line":136,"column":0},"end":{"line":136,"column":49}}},"fnMap":{"0":{"name":"(anonymous_0)","decl":{"start":{"line":6,"column":2},"end":{"line":6,"column":14}},"loc":{"start":{"line":6,"column":51},"end":{"line":10,"column":3}}},"1":{"name":"(anonymous_1)","decl":{"start":{"line":21,"column":26},"end":{"line":21,"column":27}},"loc":{"start":{"line":21,"column":104},"end":{"line":27,"column":2}}},"2":{"name":"(anonymous_2)","decl":{"start":{"line":29,"column":24},"end":{"line":29,"column":25}},"loc":{"start":{"line":29,"column":66},"end":{"line":134,"column":1}}},"3":{"name":"(anonymous_3)","decl":{"start":{"line":48,"column":49},"end":{"line":48,"column":50}},"loc":{"start":{"line":48,"column":63},"end":{"line":51,"column":6}}}},"branchMap":{"0":{"loc":{"start":{"line":21,"column":63},"end":{"line":21,"column":76}},"type":"default-arg","locations":[{"start":{"line":21,"column":72},"end":{"line":21,"column":76}}]},"1":{"loc":{"start":{"line":30,"column":10},"end":{"line":30,"column":26}},"type":"default-arg","locations":[{"start":{"line":30,"column":23},"end":{"line":30,"column":26}}]},"2":{"loc":{"start":{"line":30,"column":28},"end":{"line":30,"column":61}},"type":"default-arg","locations":[{"start":{"line":30,"column":38},"end":{"line":30,"column":61}}]},"3":{"loc":{"start":{"line":32,"column":2},"end":{"line":44,"column":null}},"type":"if","locations":[{"start":{"line":32,"column":2},"end":{"line":44,"column":null}}]},"4":{"loc":{"start":{"line":32,"column":6},"end":{"line":32,"column":53}},"type":"binary-expr","locations":[{"start":{"line":32,"column":6},"end":{"line":32,"column":31}},{"start":{"line":32,"column":35},"end":{"line":32,"column":53}}]},"5":{"loc":{"start":{"line":46,"column":2},"end":{"line":62,"column":null}},"type":"if","locations":[{"start":{"line":46,"column":2},"end":{"line":62,"column":null}}]},"6":{"loc":{"start":{"line":58,"column":17},"end":{"line":58,"column":49}},"type":"binary-expr","locations":[{"start":{"line":58,"column":17},"end":{"line":58,"column":29}},{"start":{"line":58,"column":33},"end":{"line":58,"column":49}}]},"7":{"loc":{"start":{"line":58,"column":17},"end":{"line":58,"column":29}},"type":"cond-expr","locations":[{"start":{"line":58,"column":20},"end":{"line":58,"column":22}},{"start":{"line":58,"column":17},"end":{"line":58,"column":29}}]},"8":{"loc":{"start":{"line":58,"column":17},"end":{"line":58,"column":22}},"type":"binary-expr","locations":[{"start":{"line":58,"column":17},"end":{"line":58,"column":22}},{"start":{"line":58,"column":17},"end":{"line":58,"column":22}}]},"9":{"loc":{"start":{"line":64,"column":2},"end":{"line":74,"column":null}},"type":"if","locations":[{"start":{"line":64,"column":2},"end":{"line":74,"column":null}}]},"10":{"loc":{"start":{"line":71,"column":17},"end":{"line":71,"column":47}},"type":"binary-expr","locations":[{"start":{"line":71,"column":17},"end":{"line":71,"column":29}},{"start":{"line":71,"column":33},"end":{"line":71,"column":47}}]},"11":{"loc":{"start":{"line":71,"column":17},"end":{"line":71,"column":29}},"type":"cond-expr","locations":[{"start":{"line":71,"column":20},"end":{"line":71,"column":22}},{"start":{"line":71,"column":17},"end":{"line":71,"column":29}}]},"12":{"loc":{"start":{"line":71,"column":17},"end":{"line":71,"column":22}},"type":"binary-expr","locations":[{"start":{"line":71,"column":17},"end":{"line":71,"column":22}},{"start":{"line":71,"column":17},"end":{"line":71,"column":22}}]},"13":{"loc":{"start":{"line":76,"column":2},"end":{"line":86,"column":null}},"type":"if","locations":[{"start":{"line":76,"column":2},"end":{"line":86,"column":null}}]},"14":{"loc":{"start":{"line":83,"column":17},"end":{"line":83,"column":81}},"type":"binary-expr","locations":[{"start":{"line":83,"column":17},"end":{"line":83,"column":29}},{"start":{"line":83,"column":33},"end":{"line":83,"column":81}}]},"15":{"loc":{"start":{"line":83,"column":17},"end":{"line":83,"column":29}},"type":"cond-expr","locations":[{"start":{"line":83,"column":20},"end":{"line":83,"column":22}},{"start":{"line":83,"column":17},"end":{"line":83,"column":29}}]},"16":{"loc":{"start":{"line":83,"column":17},"end":{"line":83,"column":22}},"type":"binary-expr","locations":[{"start":{"line":83,"column":17},"end":{"line":83,"column":22}},{"start":{"line":83,"column":17},"end":{"line":83,"column":22}}]},"17":{"loc":{"start":{"line":88,"column":2},"end":{"line":98,"column":null}},"type":"if","locations":[{"start":{"line":88,"column":2},"end":{"line":98,"column":null}}]},"18":{"loc":{"start":{"line":95,"column":17},"end":{"line":95,"column":53}},"type":"binary-expr","locations":[{"start":{"line":95,"column":17},"end":{"line":95,"column":29}},{"start":{"line":95,"column":33},"end":{"line":95,"column":53}}]},"19":{"loc":{"start":{"line":95,"column":17},"end":{"line":95,"column":29}},"type":"cond-expr","locations":[{"start":{"line":95,"column":20},"end":{"line":95,"column":22}},{"start":{"line":95,"column":17},"end":{"line":95,"column":29}}]},"20":{"loc":{"start":{"line":95,"column":17},"end":{"line":95,"column":22}},"type":"binary-expr","locations":[{"start":{"line":95,"column":17},"end":{"line":95,"column":22}},{"start":{"line":95,"column":17},"end":{"line":95,"column":22}}]},"21":{"loc":{"start":{"line":100,"column":2},"end":{"line":110,"column":null}},"type":"if","locations":[{"start":{"line":100,"column":2},"end":{"line":110,"column":null}}]},"22":{"loc":{"start":{"line":107,"column":17},"end":{"line":107,"column":64}},"type":"binary-expr","locations":[{"start":{"line":107,"column":17},"end":{"line":107,"column":29}},{"start":{"line":107,"column":33},"end":{"line":107,"column":64}}]},"23":{"loc":{"start":{"line":107,"column":17},"end":{"line":107,"column":29}},"type":"cond-expr","locations":[{"start":{"line":107,"column":20},"end":{"line":107,"column":22}},{"start":{"line":107,"column":17},"end":{"line":107,"column":29}}]},"24":{"loc":{"start":{"line":107,"column":17},"end":{"line":107,"column":22}},"type":"binary-expr","locations":[{"start":{"line":107,"column":17},"end":{"line":107,"column":22}},{"start":{"line":107,"column":17},"end":{"line":107,"column":22}}]},"25":{"loc":{"start":{"line":112,"column":2},"end":{"line":123,"column":null}},"type":"if","locations":[{"start":{"line":112,"column":2},"end":{"line":123,"column":null}}]},"26":{"loc":{"start":{"line":120,"column":17},"end":{"line":120,"column":66}},"type":"binary-expr","locations":[{"start":{"line":120,"column":17},"end":{"line":120,"column":29}},{"start":{"line":120,"column":33},"end":{"line":120,"column":66}}]},"27":{"loc":{"start":{"line":120,"column":17},"end":{"line":120,"column":29}},"type":"cond-expr","locations":[{"start":{"line":120,"column":20},"end":{"line":120,"column":22}},{"start":{"line":120,"column":17},"end":{"line":120,"column":29}}]},"28":{"loc":{"start":{"line":120,"column":17},"end":{"line":120,"column":22}},"type":"binary-expr","locations":[{"start":{"line":120,"column":17},"end":{"line":120,"column":22}},{"start":{"line":120,"column":17},"end":{"line":120,"column":22}}]}},"s":{"0":0,"1":0,"2":0,"3":0,"4":0,"5":0,"6":0,"7":0,"8":0,"9":0,"10":0,"11":0,"12":0,"13":0,"14":0,"15":0,"16":0,"17":0,"18":0,"19":0,"20":0,"21":0,"22":0,"23":0,"24":0,"25":0,"26":0},"f":{"0":0,"1":0,"2":0,"3":0},"b":{"0":[0],"1":[0],"2":[0],"3":[0],"4":[0,0],"5":[0],"6":[0,0],"7":[0,0],"8":[0,0],"9":[0],"10":[0,0],"11":[0,0],"12":[0,0],"13":[0],"14":[0,0],"15":[0,0],"16":[0,0],"17":[0],"18":[0,0],"19":[0,0],"20":[0,0],"21":[0],"22":[0,0],"23":[0,0],"24":[0,0],"25":[0],"26":[0,0],"27":[0,0],"28":[0,0]}}
,"/home/rupak369-ess/Documents/projects/Expressjs-Prologue/src/middlewares/index.ts": {"path":"/home/rupak369-ess/Documents/projects/Expressjs-Prologue/src/middlewares/index.ts","statementMap":{"0":{"start":{"line":1,"column":0},"end":{"line":1,"column":35}}},"fnMap":{},"branchMap":{},"s":{"0":0},"f":{},"b":{}}
,"/home/rupak369-ess/Documents/projects/Expressjs-Prologue/src/models/user/user.model.ts": {"path":"/home/rupak369-ess/Documents/projects/Expressjs-Prologue/src/models/user/user.model.ts","statementMap":{"0":{"start":{"line":2,"column":0},"end":{"line":2,"column":35}},"1":{"start":{"line":3,"column":0},"end":{"line":3,"column":58}},"2":{"start":{"line":4,"column":0},"end":{"line":4,"column":31}},"3":{"start":{"line":5,"column":0},"end":{"line":5,"column":31}},"4":{"start":{"line":6,"column":0},"end":{"line":6,"column":41}},"5":{"start":{"line":7,"column":0},"end":{"line":7,"column":69}},"6":{"start":{"line":9,"column":27},"end":{"line":113,"column":null}},"7":{"start":{"line":18,"column":24},"end":{"line":18,"column":69}},"8":{"start":{"line":19,"column":10},"end":{"line":19,"column":35}},"9":{"start":{"line":97,"column":8},"end":{"line":97,"column":28}},"10":{"start":{"line":98,"column":8},"end":{"line":98,"column":41}},"11":{"start":{"line":99,"column":8},"end":{"line":99,"column":42}},"12":{"start":{"line":100,"column":8},"end":{"line":100,"column":19}},"13":{"start":{"line":107,"column":8},"end":{"line":107,"column":28}},"14":{"start":{"line":108,"column":8},"end":{"line":108,"column":41}},"15":{"start":{"line":109,"column":8},"end":{"line":109,"column":42}},"16":{"start":{"line":110,"column":8},"end":{"line":110,"column":19}},"17":{"start":{"line":117,"column":0},"end":{"line":125,"column":3}},"18":{"start":{"line":118,"column":17},"end":{"line":118,"column":19}},"19":{"start":{"line":119,"column":2},"end":{"line":123,"column":null}},"20":{"start":{"line":120,"column":4},"end":{"line":120,"column":60}},"21":{"start":{"line":121,"column":9},"end":{"line":123,"column":null}},"22":{"start":{"line":122,"column":4},"end":{"line":122,"column":61}},"23":{"start":{"line":124,"column":2},"end":{"line":124,"column":18}},"24":{"start":{"line":127,"column":0},"end":{"line":134,"column":2}},"25":{"start":{"line":129,"column":15},"end":{"line":129,"column":19}},"26":{"start":{"line":130,"column":2},"end":{"line":133,"column":5}},"27":{"start":{"line":131,"column":4},"end":{"line":131,"column":44}},"28":{"start":{"line":131,"column":15},"end":{"line":131,"column":44}},"29":{"start":{"line":132,"column":4},"end":{"line":132,"column":28}},"30":{"start":{"line":136,"column":0},"end":{"line":140,"column":2}},"31":{"start":{"line":137,"column":15},"end":{"line":137,"column":95}},"32":{"start":{"line":139,"column":2},"end":{"line":139,"column":14}},"33":{"start":{"line":142,"column":0},"end":{"line":149,"column":2}},"34":{"start":{"line":143,"column":2},"end":{"line":148,"column":4}},"35":{"start":{"line":151,"column":0},"end":{"line":160,"column":2}},"36":{"start":{"line":153,"column":15},"end":{"line":153,"column":19}},"37":{"start":{"line":155,"column":32},"end":{"line":157,"column":4}},"38":{"start":{"line":159,"column":2},"end":{"line":159,"column":31}},"39":{"start":{"line":162,"column":0},"end":{"line":167,"column":2}},"40":{"start":{"line":163,"column":15},"end":{"line":163,"column":30}},"41":{"start":{"line":164,"column":15},"end":{"line":164,"column":39}},"42":{"start":{"line":166,"column":2},"end":{"line":166,"column":14}},"43":{"start":{"line":169,"column":0},"end":{"line":186,"column":3}},"44":{"start":{"line":170,"column":2},"end":{"line":170,"column":67}},"45":{"start":{"line":170,"column":33},"end":{"line":170,"column":67}},"46":{"start":{"line":171,"column":2},"end":{"line":171,"column":61}},"47":{"start":{"line":171,"column":36},"end":{"line":171,"column":61}},"48":{"start":{"line":172,"column":2},"end":{"line":172,"column":57}},"49":{"start":{"line":172,"column":34},"end":{"line":172,"column":57}},"50":{"start":{"line":173,"column":2},"end":{"line":173,"column":59}},"51":{"start":{"line":173,"column":35},"end":{"line":173,"column":59}},"52":{"start":{"line":176,"column":15},"end":{"line":176,"column":19}},"53":{"start":{"line":178,"column":2},"end":{"line":185,"column":null}},"54":{"start":{"line":179,"column":17},"end":{"line":179,"column":32}},"55":{"start":{"line":180,"column":4},"end":{"line":180,"column":50}},"56":{"start":{"line":181,"column":4},"end":{"line":181,"column":43}},"57":{"start":{"line":182,"column":4},"end":{"line":182,"column":11}},"58":{"start":{"line":184,"column":4},"end":{"line":184,"column":11}},"59":{"start":{"line":188,"column":18},"end":{"line":188,"column":60}},"60":{"start":{"line":190,"column":0},"end":{"line":190,"column":25}}},"fnMap":{"0":{"name":"(anonymous_0)","decl":{"start":{"line":17,"column":19},"end":{"line":17,"column":20}},"loc":{"start":{"line":17,"column":37},"end":{"line":20,"column":9}}},"1":{"name":"(anonymous_1)","decl":{"start":{"line":96,"column":17},"end":{"line":96,"column":27}},"loc":{"start":{"line":96,"column":35},"end":{"line":101,"column":7}}},"2":{"name":"(anonymous_2)","decl":{"start":{"line":106,"column":17},"end":{"line":106,"column":27}},"loc":{"start":{"line":106,"column":35},"end":{"line":111,"column":7}}},"3":{"name":"(anonymous_3)","decl":{"start":{"line":117,"column":35},"end":{"line":117,"column":null}},"loc":{"start":{"line":117,"column":35},"end":{"line":125,"column":1}}},"4":{"name":"(anonymous_4)","decl":{"start":{"line":127,"column":35},"end":{"line":127,"column":57}},"loc":{"start":{"line":127,"column":117},"end":{"line":134,"column":1}}},"5":{"name":"(anonymous_5)","decl":{"start":{"line":130,"column":35},"end":{"line":130,"column":45}},"loc":{"start":{"line":130,"column":73},"end":{"line":133,"column":3}}},"6":{"name":"(anonymous_6)","decl":{"start":{"line":136,"column":32},"end":{"line":136,"column":null}},"loc":{"start":{"line":136,"column":32},"end":{"line":140,"column":1}}},"7":{"name":"(anonymous_7)","decl":{"start":{"line":142,"column":35},"end":{"line":142,"column":null}},"loc":{"start":{"line":142,"column":35},"end":{"line":149,"column":1}}},"8":{"name":"(anonymous_8)","decl":{"start":{"line":151,"column":45},"end":{"line":151,"column":null}},"loc":{"start":{"line":151,"column":45},"end":{"line":160,"column":1}}},"9":{"name":"(anonymous_9)","decl":{"start":{"line":162,"column":34},"end":{"line":162,"column":44}},"loc":{"start":{"line":162,"column":60},"end":{"line":167,"column":1}}},"10":{"name":"(anonymous_10)","decl":{"start":{"line":169,"column":23},"end":{"line":169,"column":28}},"loc":{"start":{"line":169,"column":69},"end":{"line":186,"column":1}}}},"branchMap":{"0":{"loc":{"start":{"line":119,"column":2},"end":{"line":123,"column":null}},"type":"if","locations":[{"start":{"line":119,"column":2},"end":{"line":123,"column":null}},{"start":{"line":121,"column":9},"end":{"line":123,"column":null}}]},"1":{"loc":{"start":{"line":121,"column":9},"end":{"line":123,"column":null}},"type":"if","locations":[{"start":{"line":121,"column":9},"end":{"line":123,"column":null}}]},"2":{"loc":{"start":{"line":131,"column":4},"end":{"line":131,"column":44}},"type":"if","locations":[{"start":{"line":131,"column":4},"end":{"line":131,"column":44}}]},"3":{"loc":{"start":{"line":170,"column":2},"end":{"line":170,"column":67}},"type":"if","locations":[{"start":{"line":170,"column":2},"end":{"line":170,"column":67}}]},"4":{"loc":{"start":{"line":171,"column":2},"end":{"line":171,"column":61}},"type":"if","locations":[{"start":{"line":171,"column":2},"end":{"line":171,"column":61}}]},"5":{"loc":{"start":{"line":172,"column":2},"end":{"line":172,"column":57}},"type":"if","locations":[{"start":{"line":172,"column":2},"end":{"line":172,"column":57}}]},"6":{"loc":{"start":{"line":173,"column":2},"end":{"line":173,"column":59}},"type":"if","locations":[{"start":{"line":173,"column":2},"end":{"line":173,"column":59}}]},"7":{"loc":{"start":{"line":178,"column":2},"end":{"line":185,"column":null}},"type":"if","locations":[{"start":{"line":178,"column":2},"end":{"line":185,"column":null}},{"start":{"line":183,"column":9},"end":{"line":185,"column":null}}]},"8":{"loc":{"start":{"line":178,"column":6},"end":{"line":178,"column":35}},"type":"binary-expr","locations":[{"start":{"line":178,"column":6},"end":{"line":178,"column":16}},{"start":{"line":178,"column":20},"end":{"line":178,"column":35}}]}},"s":{"0":0,"1":0,"2":0,"3":0,"4":0,"5":0,"6":0,"7":0,"8":0,"9":0,"10":0,"11":0,"12":0,"13":0,"14":0,"15":0,"16":0,"17":0,"18":0,"19":0,"20":0,"21":0,"22":0,"23":0,"24":0,"25":0,"26":0,"27":0,"28":0,"29":0,"30":0,"31":0,"32":0,"33":0,"34":0,"35":0,"36":0,"37":0,"38":0,"39":0,"40":0,"41":0,"42":0,"43":0,"44":0,"45":0,"46":0,"47":0,"48":0,"49":0,"50":0,"51":0,"52":0,"53":0,"54":0,"55":0,"56":0,"57":0,"58":0,"59":0,"60":0},"f":{"0":0,"1":0,"2":0,"3":0,"4":0,"5":0,"6":0,"7":0,"8":0,"9":0,"10":0},"b":{"0":[0,0],"1":[0],"2":[0],"3":[0],"4":[0],"5":[0],"6":[0],"7":[0,0],"8":[0,0]}}
,"/home/rupak369-ess/Documents/projects/Expressjs-Prologue/src/models/user/user.types.ts": {"path":"/home/rupak369-ess/Documents/projects/Expressjs-Prologue/src/models/user/user.types.ts","statementMap":{"0":{"start":{"line":3,"column":0},"end":{"line":3,"column":null}},"1":{"start":{"line":4,"column":2},"end":{"line":4,"column":null}},"2":{"start":{"line":5,"column":2},"end":{"line":5,"column":null}},"3":{"start":{"line":6,"column":2},"end":{"line":6,"column":null}},"4":{"start":{"line":9,"column":0},"end":{"line":9,"column":null}},"5":{"start":{"line":10,"column":2},"end":{"line":10,"column":null}},"6":{"start":{"line":11,"column":2},"end":{"line":11,"column":null}},"7":{"start":{"line":12,"column":2},"end":{"line":12,"column":null}}},"fnMap":{"0":{"name":"(anonymous_0)","decl":{"start":{"line":3,"column":0},"end":{"line":3,"column":12}},"loc":{"start":{"line":3,"column":22},"end":{"line":7,"column":1}}},"1":{"name":"(anonymous_1)","decl":{"start":{"line":9,"column":0},"end":{"line":9,"column":12}},"loc":{"start":{"line":9,"column":20},"end":{"line":13,"column":1}}}},"branchMap":{"0":{"loc":{"start":{"line":3,"column":12},"end":{"line":3,"column":null}},"type":"binary-expr","locations":[{"start":{"line":3,"column":12},"end":{"line":3,"column":22}},{"start":{"line":3,"column":12},"end":{"line":3,"column":null}}]},"1":{"loc":{"start":{"line":9,"column":12},"end":{"line":9,"column":null}},"type":"binary-expr","locations":[{"start":{"line":9,"column":12},"end":{"line":9,"column":20}},{"start":{"line":9,"column":12},"end":{"line":9,"column":null}}]}},"s":{"0":0,"1":0,"2":0,"3":0,"4":0,"5":0,"6":0,"7":0},"f":{"0":0,"1":0},"b":{"0":[0,0],"1":[0,0]}}
,"/home/rupak369-ess/Documents/projects/Expressjs-Prologue/src/routes/api.routes.ts": {"path":"/home/rupak369-ess/Documents/projects/Expressjs-Prologue/src/routes/api.routes.ts","statementMap":{"0":{"start":{"line":1,"column":0},"end":{"line":1,"column":52}},"1":{"start":{"line":3,"column":15},"end":{"line":3,"column":44}},"2":{"start":{"line":5,"column":16},"end":{"line":7,"column":1}},"3":{"start":{"line":6,"column":2},"end":{"line":6,"column":26}},"4":{"start":{"line":9,"column":0},"end":{"line":9,"column":25}},"5":{"start":{"line":11,"column":0},"end":{"line":11,"column":22}}},"fnMap":{"0":{"name":"(anonymous_0)","decl":{"start":{"line":5,"column":16},"end":{"line":5,"column":17}},"loc":{"start":{"line":5,"column":48},"end":{"line":7,"column":1}}}},"branchMap":{},"s":{"0":0,"1":0,"2":0,"3":0,"4":0,"5":0},"f":{"0":0},"b":{}}
,"/home/rupak369-ess/Documents/projects/Expressjs-Prologue/src/utils/ApiError.ts": {"path":"/home/rupak369-ess/Documents/projects/Expressjs-Prologue/src/utils/ApiError.ts","statementMap":{"0":{"start":{"line":6,"column":4},"end":{"line":6,"column":19}},"1":{"start":{"line":7,"column":4},"end":{"line":7,"column":33}},"2":{"start":{"line":8,"column":4},"end":{"line":8,"column":39}},"3":{"start":{"line":9,"column":4},"end":{"line":13,"column":null}},"4":{"start":{"line":10,"column":6},"end":{"line":10,"column":25}},"5":{"start":{"line":12,"column":6},"end":{"line":12,"column":54}},"6":{"start":{"line":17,"column":0},"end":{"line":17,"column":24}}},"fnMap":{"0":{"name":"(anonymous_0)","decl":{"start":{"line":5,"column":2},"end":{"line":5,"column":14}},"loc":{"start":{"line":5,"column":83},"end":{"line":14,"column":3}}}},"branchMap":{"0":{"loc":{"start":{"line":5,"column":51},"end":{"line":5,"column":71}},"type":"default-arg","locations":[{"start":{"line":5,"column":67},"end":{"line":5,"column":71}}]},"1":{"loc":{"start":{"line":5,"column":73},"end":{"line":5,"column":83}},"type":"default-arg","locations":[{"start":{"line":5,"column":81},"end":{"line":5,"column":83}}]},"2":{"loc":{"start":{"line":9,"column":4},"end":{"line":13,"column":null}},"type":"if","locations":[{"start":{"line":9,"column":4},"end":{"line":13,"column":null}},{"start":{"line":11,"column":11},"end":{"line":13,"column":null}}]}},"s":{"0":0,"1":0,"2":0,"3":0,"4":0,"5":0,"6":0},"f":{"0":0},"b":{"0":[0],"1":[0],"2":[0,0]}}
}
